[0.309s] Invoking command in '/home/dynamic/Robo/Try3/sensor': PYTHONPATH=/home/dynamic/Robo/Try3/build/sensor/prefix_override:/usr/lib/python3/dist-packages/colcon_core/task/python/colcon_distutils_commands:/home/dynamic/Robo/Try3/install/sensor/lib/python3.10/site-packages:${PYTHONPATH} /usr/bin/python3 -W ignore:setup.py install is deprecated -W ignore:easy_install command is deprecated setup.py egg_info --egg-base ../build/sensor build --build-base /home/dynamic/Robo/Try3/build/sensor/build install --record /home/dynamic/Robo/Try3/build/sensor/install.log --single-version-externally-managed install_data
[0.435s] running egg_info
[0.436s] writing ../build/sensor/sensor.egg-info/PKG-INFO
[0.436s] writing dependency_links to ../build/sensor/sensor.egg-info/dependency_links.txt
[0.436s] writing entry points to ../build/sensor/sensor.egg-info/entry_points.txt
[0.436s] writing requirements to ../build/sensor/sensor.egg-info/requires.txt
[0.436s] writing top-level names to ../build/sensor/sensor.egg-info/top_level.txt
[0.437s] reading manifest file '../build/sensor/sensor.egg-info/SOURCES.txt'
[0.437s] writing manifest file '../build/sensor/sensor.egg-info/SOURCES.txt'
[0.437s] running build
[0.437s] running build_py
[0.437s] copying sensor/imu_pub.py -> /home/dynamic/Robo/Try3/build/sensor/build/lib/sensor
[0.438s] running install
[0.438s] running install_lib
[0.438s] copying /home/dynamic/Robo/Try3/build/sensor/build/lib/sensor/imu_pub.py -> /home/dynamic/Robo/Try3/install/sensor/lib/python3.10/site-packages/sensor
[0.438s] byte-compiling /home/dynamic/Robo/Try3/install/sensor/lib/python3.10/site-packages/sensor/imu_pub.py to imu_pub.cpython-310.pyc
[0.439s] running install_data
[0.440s] running install_egg_info
[0.441s] removing '/home/dynamic/Robo/Try3/install/sensor/lib/python3.10/site-packages/sensor-0.0.0-py3.10.egg-info' (and everything under it)
[0.441s] Copying ../build/sensor/sensor.egg-info to /home/dynamic/Robo/Try3/install/sensor/lib/python3.10/site-packages/sensor-0.0.0-py3.10.egg-info
[0.441s] running install_scripts
[0.452s] Installing imu_pub script to /home/dynamic/Robo/Try3/install/sensor/lib/sensor
[0.453s] writing list of installed files to '/home/dynamic/Robo/Try3/build/sensor/install.log'
[0.466s] Invoked command in '/home/dynamic/Robo/Try3/sensor' returned '0': PYTHONPATH=/home/dynamic/Robo/Try3/build/sensor/prefix_override:/usr/lib/python3/dist-packages/colcon_core/task/python/colcon_distutils_commands:/home/dynamic/Robo/Try3/install/sensor/lib/python3.10/site-packages:${PYTHONPATH} /usr/bin/python3 -W ignore:setup.py install is deprecated -W ignore:easy_install command is deprecated setup.py egg_info --egg-base ../build/sensor build --build-base /home/dynamic/Robo/Try3/build/sensor/build install --record /home/dynamic/Robo/Try3/build/sensor/install.log --single-version-externally-managed install_data
