[0.347s] Invoking command in '/home/dynamic/Robo/Try3/sensor': PYTHONPATH=/home/dynamic/Robo/Try3/build/sensor/prefix_override:/usr/lib/python3/dist-packages/colcon_core/task/python/colcon_distutils_commands:/home/dynamic/Robo/Try3/install/sensor/lib/python3.10/site-packages:${PYTHONPATH} /usr/bin/python3 -W ignore:setup.py install is deprecated -W ignore:easy_install command is deprecated setup.py egg_info --egg-base ../build/sensor build --build-base /home/dynamic/Robo/Try3/build/sensor/build install --record /home/dynamic/Robo/Try3/build/sensor/install.log --single-version-externally-managed install_data
[0.475s] running egg_info
[0.475s] writing ../build/sensor/sensor.egg-info/PKG-INFO
[0.475s] writing dependency_links to ../build/sensor/sensor.egg-info/dependency_links.txt
[0.475s] writing entry points to ../build/sensor/sensor.egg-info/entry_points.txt
[0.475s] writing requirements to ../build/sensor/sensor.egg-info/requires.txt
[0.475s] writing top-level names to ../build/sensor/sensor.egg-info/top_level.txt
[0.476s] reading manifest file '../build/sensor/sensor.egg-info/SOURCES.txt'
[0.477s] writing manifest file '../build/sensor/sensor.egg-info/SOURCES.txt'
[0.477s] running build
[0.477s] running build_py
[0.477s] running install
[0.477s] running install_lib
[0.478s] running install_data
[0.478s] running install_egg_info
[0.479s] removing '/home/dynamic/Robo/Try3/install/sensor/lib/python3.10/site-packages/sensor-0.0.0-py3.10.egg-info' (and everything under it)
[0.479s] Copying ../build/sensor/sensor.egg-info to /home/dynamic/Robo/Try3/install/sensor/lib/python3.10/site-packages/sensor-0.0.0-py3.10.egg-info
[0.480s] running install_scripts
[0.491s] Installing imu_pub script to /home/dynamic/Robo/Try3/install/sensor/lib/sensor
[0.491s] writing list of installed files to '/home/dynamic/Robo/Try3/build/sensor/install.log'
[0.504s] Invoked command in '/home/dynamic/Robo/Try3/sensor' returned '0': PYTHONPATH=/home/dynamic/Robo/Try3/build/sensor/prefix_override:/usr/lib/python3/dist-packages/colcon_core/task/python/colcon_distutils_commands:/home/dynamic/Robo/Try3/install/sensor/lib/python3.10/site-packages:${PYTHONPATH} /usr/bin/python3 -W ignore:setup.py install is deprecated -W ignore:easy_install command is deprecated setup.py egg_info --egg-base ../build/sensor build --build-base /home/dynamic/Robo/Try3/build/sensor/build install --record /home/dynamic/Robo/Try3/build/sensor/install.log --single-version-externally-managed install_data
