running egg_info
writing ../build/sensor/sensor.egg-info/PKG-INFO
writing dependency_links to ../build/sensor/sensor.egg-info/dependency_links.txt
writing entry points to ../build/sensor/sensor.egg-info/entry_points.txt
writing requirements to ../build/sensor/sensor.egg-info/requires.txt
writing top-level names to ../build/sensor/sensor.egg-info/top_level.txt
reading manifest file '../build/sensor/sensor.egg-info/SOURCES.txt'
writing manifest file '../build/sensor/sensor.egg-info/SOURCES.txt'
running build
running build_py
copying sensor/imu_sub.py -> /home/dynamic/Robo/Try3/build/sensor/build/lib/sensor
copying sensor/imu_pub.py -> /home/dynamic/Robo/Try3/build/sensor/build/lib/sensor
running install
running install_lib
copying /home/dynamic/Robo/Try3/build/sensor/build/lib/sensor/imu_sub.py -> /home/dynamic/Robo/Try3/install/sensor/lib/python3.10/site-packages/sensor
copying /home/dynamic/Robo/Try3/build/sensor/build/lib/sensor/imu_pub.py -> /home/dynamic/Robo/Try3/install/sensor/lib/python3.10/site-packages/sensor
byte-compiling /home/dynamic/Robo/Try3/install/sensor/lib/python3.10/site-packages/sensor/imu_sub.py to imu_sub.cpython-310.pyc
byte-compiling /home/dynamic/Robo/Try3/install/sensor/lib/python3.10/site-packages/sensor/imu_pub.py to imu_pub.cpython-310.pyc
running install_data
running install_egg_info
removing '/home/dynamic/Robo/Try3/install/sensor/lib/python3.10/site-packages/sensor-0.0.0-py3.10.egg-info' (and everything under it)
Copying ../build/sensor/sensor.egg-info to /home/dynamic/Robo/Try3/install/sensor/lib/python3.10/site-packages/sensor-0.0.0-py3.10.egg-info
running install_scripts
Installing imu_pub script to /home/dynamic/Robo/Try3/install/sensor/lib/sensor
writing list of installed files to '/home/dynamic/Robo/Try3/build/sensor/install.log'
