running egg_info
creating ../build/sensor/sensor.egg-info
writing ../build/sensor/sensor.egg-info/PKG-INFO
writing dependency_links to ../build/sensor/sensor.egg-info/dependency_links.txt
writing entry points to ../build/sensor/sensor.egg-info/entry_points.txt
writing requirements to ../build/sensor/sensor.egg-info/requires.txt
writing top-level names to ../build/sensor/sensor.egg-info/top_level.txt
writing manifest file '../build/sensor/sensor.egg-info/SOURCES.txt'
reading manifest file '../build/sensor/sensor.egg-info/SOURCES.txt'
writing manifest file '../build/sensor/sensor.egg-info/SOURCES.txt'
running build
running build_py
creating /home/dynamic/Robo/Try3/build/sensor/build
creating /home/dynamic/Robo/Try3/build/sensor/build/lib
creating /home/dynamic/Robo/Try3/build/sensor/build/lib/sensor
copying sensor/imu_server.py -> /home/dynamic/Robo/Try3/build/sensor/build/lib/sensor
copying sensor/imu_pub.py -> /home/dynamic/Robo/Try3/build/sensor/build/lib/sensor
copying sensor/__init__.py -> /home/dynamic/Robo/Try3/build/sensor/build/lib/sensor
running install
running install_lib
creating /home/dynamic/Robo/Try3/install/sensor/lib/python3.10/site-packages/sensor
copying /home/dynamic/Robo/Try3/build/sensor/build/lib/sensor/imu_server.py -> /home/dynamic/Robo/Try3/install/sensor/lib/python3.10/site-packages/sensor
copying /home/dynamic/Robo/Try3/build/sensor/build/lib/sensor/imu_pub.py -> /home/dynamic/Robo/Try3/install/sensor/lib/python3.10/site-packages/sensor
copying /home/dynamic/Robo/Try3/build/sensor/build/lib/sensor/__init__.py -> /home/dynamic/Robo/Try3/install/sensor/lib/python3.10/site-packages/sensor
byte-compiling /home/dynamic/Robo/Try3/install/sensor/lib/python3.10/site-packages/sensor/imu_server.py to imu_server.cpython-310.pyc
byte-compiling /home/dynamic/Robo/Try3/install/sensor/lib/python3.10/site-packages/sensor/imu_pub.py to imu_pub.cpython-310.pyc
byte-compiling /home/dynamic/Robo/Try3/install/sensor/lib/python3.10/site-packages/sensor/__init__.py to __init__.cpython-310.pyc
running install_data
creating /home/dynamic/Robo/Try3/install/sensor/share/ament_index
creating /home/dynamic/Robo/Try3/install/sensor/share/ament_index/resource_index
creating /home/dynamic/Robo/Try3/install/sensor/share/ament_index/resource_index/packages
copying resource/sensor -> /home/dynamic/Robo/Try3/install/sensor/share/ament_index/resource_index/packages
copying package.xml -> /home/dynamic/Robo/Try3/install/sensor/share/sensor
running install_egg_info
Copying ../build/sensor/sensor.egg-info to /home/dynamic/Robo/Try3/install/sensor/lib/python3.10/site-packages/sensor-0.0.0-py3.10.egg-info
running install_scripts
Installing imu_pub script to /home/dynamic/Robo/Try3/install/sensor/lib/sensor
writing list of installed files to '/home/dynamic/Robo/Try3/build/sensor/install.log'
