[0.320s] Invoking command in '/home/dynamic/Robo/Try3/sensor': PYTHONPATH=/home/dynamic/Robo/Try3/build/sensor/prefix_override:/usr/lib/python3/dist-packages/colcon_core/task/python/colcon_distutils_commands:/home/dynamic/Robo/Try3/install/sensor/lib/python3.10/site-packages:${PYTHONPATH} /usr/bin/python3 -W ignore:setup.py install is deprecated -W ignore:easy_install command is deprecated setup.py egg_info --egg-base ../build/sensor build --build-base /home/dynamic/Robo/Try3/build/sensor/build install --record /home/dynamic/Robo/Try3/build/sensor/install.log --single-version-externally-managed install_data
[0.453s] running egg_info
[0.453s] writing ../build/sensor/sensor.egg-info/PKG-INFO
[0.453s] writing dependency_links to ../build/sensor/sensor.egg-info/dependency_links.txt
[0.453s] writing entry points to ../build/sensor/sensor.egg-info/entry_points.txt
[0.453s] writing requirements to ../build/sensor/sensor.egg-info/requires.txt
[0.453s] writing top-level names to ../build/sensor/sensor.egg-info/top_level.txt
[0.454s] reading manifest file '../build/sensor/sensor.egg-info/SOURCES.txt'
[0.455s] writing manifest file '../build/sensor/sensor.egg-info/SOURCES.txt'
[0.455s] running build
[0.455s] running build_py
[0.455s] running install
[0.455s] running install_lib
[0.456s] running install_data
[0.456s] running install_egg_info
[0.458s] removing '/home/dynamic/Robo/Try3/install/sensor/lib/python3.10/site-packages/sensor-0.0.0-py3.10.egg-info' (and everything under it)
[0.458s] Copying ../build/sensor/sensor.egg-info to /home/dynamic/Robo/Try3/install/sensor/lib/python3.10/site-packages/sensor-0.0.0-py3.10.egg-info
[0.458s] running install_scripts
[0.471s] Installing imu_pub script to /home/dynamic/Robo/Try3/install/sensor/lib/sensor
[0.471s] writing list of installed files to '/home/dynamic/Robo/Try3/build/sensor/install.log'
[0.486s] Invoked command in '/home/dynamic/Robo/Try3/sensor' returned '0': PYTHONPATH=/home/dynamic/Robo/Try3/build/sensor/prefix_override:/usr/lib/python3/dist-packages/colcon_core/task/python/colcon_distutils_commands:/home/dynamic/Robo/Try3/install/sensor/lib/python3.10/site-packages:${PYTHONPATH} /usr/bin/python3 -W ignore:setup.py install is deprecated -W ignore:easy_install command is deprecated setup.py egg_info --egg-base ../build/sensor build --build-base /home/dynamic/Robo/Try3/build/sensor/build install --record /home/dynamic/Robo/Try3/build/sensor/install.log --single-version-externally-managed install_data
